{
  "RSpec": {
    "coverage": {
      "/Users/soumyaray/Sync/Dropbox/ossdev/classes/SOA-class/projects/soa2025/api-codepraise-2025/require_app.rb": {
        "lines": [
          null,
          null,
          null,
          null,
          null,
          null,
          null,
          null,
          1,
          5,
          1,
          null,
          1,
          54,
          null,
          null
        ]
      },
      "/Users/soumyaray/Sync/Dropbox/ossdev/classes/SOA-class/projects/soa2025/api-codepraise-2025/config/environment.rb": {
        "lines": [
          null,
          null,
          1,
          1,
          1,
          1,
          1,
          null,
          null,
          1,
          null,
          1,
          1,
          null,
          null,
          1,
          null,
          null,
          null,
          1,
          1,
          null,
          1,
          0,
          0,
          0,
          null,
          null,
          null,
          1,
          1,
          1,
          null,
          null,
          null,
          1,
          1,
          null,
          null,
          1,
          0,
          0,
          null,
          null,
          null,
          1,
          1,
          2,
          null,
          null,
          null,
          1,
          1,
          1,
          null,
          null,
          1,
          1,
          null,
          null,
          null
        ]
      },
      "/Users/soumyaray/Sync/Dropbox/ossdev/classes/SOA-class/projects/soa2025/api-codepraise-2025/app/domain/contributions/entities/contributor.rb": {
        "lines": [
          null,
          null,
          1,
          1,
          null,
          1,
          1,
          null,
          1,
          1,
          null,
          1,
          1,
          null,
          null,
          1,
          7564,
          null,
          null,
          null,
          1,
          null,
          null,
          1,
          6955,
          null,
          null,
          null,
          null
        ]
      },
      "/Users/soumyaray/Sync/Dropbox/ossdev/classes/SOA-class/projects/soa2025/api-codepraise-2025/app/domain/contributions/entities/file_contributions.rb": {
        "lines": [
          null,
          null,
          1,
          1,
          null,
          1,
          1,
          null,
          1,
          1,
          null,
          null,
          1,
          null,
          null,
          null,
          null,
          null,
          null,
          null,
          null,
          null,
          1,
          null,
          1,
          194,
          194,
          null,
          null,
          1,
          724,
          null,
          null,
          1,
          203,
          null,
          null,
          1,
          724,
          null,
          711,
          null,
          5360,
          null,
          null,
          null,
          1,
          67,
          null,
          null,
          1,
          null,
          1,
          724,
          null,
          null,
          1,
          724,
          null,
          null,
          null,
          null
        ]
      },
      "/Users/soumyaray/Sync/Dropbox/ossdev/classes/SOA-class/projects/soa2025/api-codepraise-2025/app/domain/contributions/lib/contributions_calculator.rb": {
        "lines": [
          null,
          null,
          1,
          1,
          null,
          1,
          1,
          203,
          null,
          null,
          1,
          0,
          null,
          null,
          1,
          0,
          null,
          null,
          1,
          0,
          null,
          null,
          1,
          0,
          null,
          0,
          null,
          null,
          null,
          null
        ]
      },
      "/Users/soumyaray/Sync/Dropbox/ossdev/classes/SOA-class/projects/soa2025/api-codepraise-2025/app/domain/contributions/values/code_language.rb": {
        "lines": [
          null,
          null,
          null,
          1,
          1,
          1,
          1,
          1,
          null,
          1,
          1,
          null,
          1,
          5372,
          null,
          null,
          1,
          0,
          null,
          null,
          1,
          11870,
          null,
          null,
          null,
          1,
          1,
          1,
          1,
          1,
          null,
          null,
          1,
          1,
          1,
          1,
          1,
          null,
          null,
          1,
          1,
          1,
          1,
          1,
          null,
          null,
          1,
          1,
          1,
          1,
          null,
          null,
          1,
          1,
          1,
          1,
          null,
          null,
          1,
          1,
          1,
          1,
          null,
          null,
          1,
          1,
          1,
          1,
          null,
          null,
          1,
          1,
          1,
          1,
          null,
          null,
          1,
          1,
          null,
          1,
          1,
          1,
          null,
          null,
          null,
          1,
          null,
          null,
          null,
          null,
          null,
          null,
          null,
          null,
          1,
          null,
          1,
          6096,
          null,
          null,
          null,
          null,
          null
        ]
      },
      "/Users/soumyaray/Sync/Dropbox/ossdev/classes/SOA-class/projects/soa2025/api-codepraise-2025/app/domain/contributions/entities/folder_contributions.rb": {
        "lines": [
          null,
          null,
          1,
          1,
          null,
          1,
          1,
          null,
          1,
          null,
          1,
          52,
          null,
          52,
          52,
          52,
          52,
          null,
          null,
          1,
          18,
          null,
          null,
          1,
          18,
          null,
          null,
          1,
          0,
          null,
          null,
          1,
          18,
          null,
          null,
          1,
          18,
          null,
          null,
          1,
          60,
          null,
          null,
          1,
          18,
          null,
          null,
          1,
          null,
          1,
          602,
          null,
          null,
          1,
          52,
          null,
          null,
          1,
          52,
          398,
          194,
          null,
          null,
          1,
          52,
          null,
          204,
          204,
          null,
          null,
          null,
          1,
          52,
          47,
          null,
          null,
          99,
          null,
          null,
          null,
          null
        ]
      },
      "/Users/soumyaray/Sync/Dropbox/ossdev/classes/SOA-class/projects/soa2025/api-codepraise-2025/app/domain/contributions/entities/line_contribution.rb": {
        "lines": [
          null,
          null,
          1,
          1,
          null,
          1,
          null,
          1,
          1,
          null,
          1,
          1,
          1,
          null,
          1,
          null,
          1,
          5372,
          5372,
          5372,
          5372,
          null,
          null,
          1,
          11882,
          null,
          null,
          null,
          null
        ]
      },
      "/Users/soumyaray/Sync/Dropbox/ossdev/classes/SOA-class/projects/soa2025/api-codepraise-2025/app/domain/contributions/lib/types.rb": {
        "lines": [
          null,
          null,
          1,
          1,
          null,
          1,
          1,
          151,
          null,
          null,
          null,
          null,
          1,
          1,
          1876,
          null,
          null,
          null,
          null
        ]
      },
      "/Users/soumyaray/Sync/Dropbox/ossdev/classes/SOA-class/projects/soa2025/api-codepraise-2025/app/domain/contributions/values/contributors.rb": {
        "lines": [
          1,
          1,
          null,
          1,
          1,
          null,
          1,
          362,
          null,
          null,
          null,
          null,
          null,
          1,
          null,
          362,
          362,
          null,
          362,
          null,
          1103,
          1103,
          null,
          1103,
          null,
          0,
          0,
          0,
          0,
          0,
          0,
          null,
          1103,
          null,
          86,
          86,
          86,
          null,
          null,
          1017,
          1017,
          1017,
          null,
          null,
          null,
          362,
          null,
          null,
          null,
          null,
          null
        ]
      },
      "/Users/soumyaray/Sync/Dropbox/ossdev/classes/SOA-class/projects/soa2025/api-codepraise-2025/app/domain/contributions/values/credit_share.rb": {
        "lines": [
          null,
          null,
          1,
          1,
          null,
          1,
          null,
          1,
          1,
          null,
          1,
          565,
          565,
          null,
          null,
          null,
          1,
          0,
          null,
          null,
          1,
          0,
          null,
          null,
          1,
          0,
          null,
          null,
          1,
          0,
          null,
          null,
          1,
          null,
          1,
          0,
          null,
          null,
          1,
          203,
          null,
          null,
          1,
          6377,
          6377,
          6377,
          6377,
          null,
          null,
          1,
          362,
          null,
          null,
          null,
          362,
          446,
          null,
          null,
          362,
          1017,
          2120,
          1017,
          null,
          null,
          null,
          1,
          7,
          3,
          null,
          null,
          1,
          3,
          null,
          null,
          1,
          null,
          1,
          13326,
          null,
          null,
          null,
          null,
          1,
          0,
          0,
          null,
          0,
          null,
          null,
          null,
          null,
          null,
          null
        ]
      },
      "/Users/soumyaray/Sync/Dropbox/ossdev/classes/SOA-class/projects/soa2025/api-codepraise-2025/app/domain/contributions/values/file_path.rb": {
        "lines": [
          null,
          null,
          1,
          null,
          1,
          1,
          null,
          1,
          null,
          1,
          null,
          1,
          null,
          1,
          388,
          388,
          null,
          null,
          1,
          6096,
          null,
          null,
          1,
          6096,
          null,
          null,
          1,
          null,
          204,
          null,
          204,
          204,
          null,
          null,
          1,
          null,
          1,
          388,
          388,
          388,
          null,
          null,
          null,
          null,
          null
        ]
      },
      "/Users/soumyaray/Sync/Dropbox/ossdev/classes/SOA-class/projects/soa2025/api-codepraise-2025/app/domain/projects/entities/member.rb": {
        "lines": [
          null,
          null,
          1,
          1,
          null,
          1,
          1,
          null,
          1,
          1,
          null,
          1,
          1,
          1,
          1,
          null,
          1,
          53,
          null,
          null,
          null,
          null
        ]
      },
      "/Users/soumyaray/Sync/Dropbox/ossdev/classes/SOA-class/projects/soa2025/api-codepraise-2025/app/domain/projects/entities/project.rb": {
        "lines": [
          null,
          null,
          1,
          1,
          null,
          1,
          null,
          1,
          1,
          null,
          1,
          1,
          null,
          1,
          null,
          1,
          1,
          1,
          1,
          1,
          1,
          1,
          1,
          null,
          1,
          4,
          null,
          null,
          1,
          0,
          null,
          null,
          1,
          null,
          14,
          null,
          null,
          null,
          null
        ]
      },
      "/Users/soumyaray/Sync/Dropbox/ossdev/classes/SOA-class/projects/soa2025/api-codepraise-2025/app/infrastructure/database/orm/member_orm.rb": {
        "lines": [
          null,
          null,
          1,
          null,
          1,
          1,
          null,
          1,
          1,
          null,
          null,
          null,
          1,
          null,
          null,
          null,
          null,
          1,
          null,
          1,
          52,
          null,
          null,
          null,
          null
        ]
      },
      "/Users/soumyaray/Sync/Dropbox/ossdev/classes/SOA-class/projects/soa2025/api-codepraise-2025/app/infrastructure/database/orm/project_orm.rb": {
        "lines": [
          null,
          null,
          1,
          null,
          1,
          1,
          null,
          1,
          1,
          null,
          null,
          1,
          null,
          null,
          null,
          null,
          1,
          null,
          null,
          null
        ]
      },
      "/Users/soumyaray/Sync/Dropbox/ossdev/classes/SOA-class/projects/soa2025/api-codepraise-2025/app/infrastructure/database/repositories/for.rb": {
        "lines": [
          null,
          null,
          1,
          1,
          null,
          1,
          1,
          null,
          1,
          null,
          1,
          null,
          null,
          null,
          1,
          22,
          null,
          null,
          1,
          13,
          null,
          null,
          null,
          null
        ]
      },
      "/Users/soumyaray/Sync/Dropbox/ossdev/classes/SOA-class/projects/soa2025/api-codepraise-2025/app/infrastructure/database/repositories/members.rb": {
        "lines": [
          null,
          null,
          1,
          1,
          null,
          1,
          1,
          0,
          null,
          null,
          1,
          0,
          null,
          null,
          1,
          80,
          null,
          80,
          null,
          null,
          null,
          null,
          null,
          null,
          null,
          1,
          20,
          60,
          null,
          null,
          null,
          1,
          52,
          null,
          null,
          null,
          null
        ]
      },
      "/Users/soumyaray/Sync/Dropbox/ossdev/classes/SOA-class/projects/soa2025/api-codepraise-2025/app/infrastructure/database/repositories/projects.rb": {
        "lines": [
          null,
          null,
          1,
          null,
          1,
          1,
          null,
          1,
          1,
          0,
          null,
          null,
          1,
          null,
          null,
          null,
          null,
          21,
          null,
          null,
          null,
          null,
          21,
          null,
          null,
          1,
          5,
          4,
          4,
          null,
          null,
          null,
          1,
          13,
          null,
          null,
          1,
          0,
          0,
          null,
          null,
          1,
          13,
          13,
          null,
          null,
          1,
          13,
          null,
          13,
          13,
          null,
          null,
          1,
          47,
          null,
          20,
          null,
          null,
          null,
          null,
          null,
          null,
          null,
          null,
          1,
          1,
          13,
          null,
          null,
          1,
          13,
          null,
          null,
          1,
          13,
          null,
          13,
          13,
          null,
          13,
          39,
          null,
          null,
          null,
          null,
          null,
          null,
          null
        ]
      },
      "/Users/soumyaray/Sync/Dropbox/ossdev/classes/SOA-class/projects/soa2025/api-codepraise-2025/app/infrastructure/git/gateway/git_command.rb": {
        "lines": [
          null,
          null,
          1,
          1,
          null,
          1,
          1,
          null,
          1,
          196,
          196,
          196,
          196,
          null,
          null,
          1,
          1,
          1,
          1,
          null,
          null,
          1,
          195,
          195,
          195,
          null,
          null,
          1,
          195,
          195,
          null,
          null,
          1,
          1,
          1,
          null,
          null,
          1,
          1,
          1,
          null,
          null,
          1,
          392,
          null,
          null,
          1,
          196,
          null,
          null,
          null,
          null,
          null,
          1,
          194,
          null,
          null,
          1,
          0,
          0,
          null,
          null,
          null,
          null,
          null
        ]
      },
      "/Users/soumyaray/Sync/Dropbox/ossdev/classes/SOA-class/projects/soa2025/api-codepraise-2025/app/infrastructure/git/mappers/blame_contributor.rb": {
        "lines": [
          null,
          null,
          1,
          1,
          null,
          1,
          1,
          5372,
          5372,
          null,
          null,
          1,
          5372,
          null,
          null,
          null,
          null,
          null,
          null,
          1,
          null,
          1,
          5372,
          null,
          null,
          null,
          null
        ]
      },
      "/Users/soumyaray/Sync/Dropbox/ossdev/classes/SOA-class/projects/soa2025/api-codepraise-2025/app/infrastructure/git/mappers/contributions_mapper.rb": {
        "lines": [
          null,
          null,
          1,
          1,
          null,
          1,
          1,
          6,
          null,
          null,
          1,
          6,
          null,
          5,
          null,
          null,
          null,
          null,
          null,
          1,
          1,
          5,
          194,
          null,
          null,
          null,
          null,
          1,
          1,
          194,
          194,
          194,
          null,
          null,
          null,
          null,
          null
        ]
      },
      "/Users/soumyaray/Sync/Dropbox/ossdev/classes/SOA-class/projects/soa2025/api-codepraise-2025/app/infrastructure/git/mappers/file_contributions_mapper.rb": {
        "lines": [
          null,
          null,
          1,
          null,
          1,
          1,
          null,
          1,
          1,
          194,
          null,
          null,
          1,
          194,
          null,
          null,
          null,
          null,
          null,
          1,
          null,
          1,
          388,
          null,
          null,
          1,
          5372,
          null,
          null,
          1,
          194,
          null,
          null,
          1,
          194,
          5372,
          null,
          null,
          null,
          null,
          null,
          1,
          1,
          5372,
          5372,
          5372,
          null,
          null,
          1,
          1,
          1,
          1,
          1,
          null,
          1,
          5372,
          null,
          null,
          null,
          1,
          null,
          1,
          5372,
          null,
          null,
          null,
          null
        ]
      },
      "/Users/soumyaray/Sync/Dropbox/ossdev/classes/SOA-class/projects/soa2025/api-codepraise-2025/app/infrastructure/git/mappers/folder_contributions_mapper.rb": {
        "lines": [
          null,
          null,
          1,
          null,
          1,
          1,
          null,
          1,
          1,
          null,
          null,
          1,
          5,
          5,
          null,
          null,
          1,
          5,
          null,
          null,
          null,
          null,
          null,
          1,
          5,
          194,
          null,
          null,
          null,
          null,
          null
        ]
      },
      "/Users/soumyaray/Sync/Dropbox/ossdev/classes/SOA-class/projects/soa2025/api-codepraise-2025/app/infrastructure/git/mappers/porcelain_parser.rb": {
        "lines": [
          null,
          null,
          1,
          1,
          null,
          1,
          1,
          1,
          null,
          1,
          194,
          5372,
          null,
          null,
          1,
          194,
          194,
          null,
          0,
          0,
          null,
          null,
          null,
          1,
          5372,
          null,
          5372,
          null,
          null,
          null,
          5372,
          57020,
          57020,
          null,
          null,
          5372,
          null,
          null,
          1,
          5372,
          5372,
          5372,
          null,
          null,
          1,
          57020,
          null,
          null,
          null,
          null
        ]
      },
      "/Users/soumyaray/Sync/Dropbox/ossdev/classes/SOA-class/projects/soa2025/api-codepraise-2025/app/infrastructure/git/repositories/blame_reporter.rb": {
        "lines": [
          null,
          null,
          1,
          null,
          1,
          null,
          1,
          1,
          null,
          1,
          1,
          6,
          6,
          6,
          null,
          null,
          1,
          6,
          null,
          5,
          5,
          194,
          null,
          null,
          null,
          null,
          1,
          11,
          6,
          3,
          null,
          189,
          null,
          null,
          null,
          null,
          null
        ]
      },
      "/Users/soumyaray/Sync/Dropbox/ossdev/classes/SOA-class/projects/soa2025/api-codepraise-2025/app/infrastructure/git/repositories/repo_file.rb": {
        "lines": [
          null,
          null,
          1,
          1,
          null,
          1,
          1,
          null,
          1,
          194,
          null,
          null,
          1,
          194,
          null,
          null,
          null,
          null,
          null,
          null,
          null
        ]
      },
      "/Users/soumyaray/Sync/Dropbox/ossdev/classes/SOA-class/projects/soa2025/api-codepraise-2025/app/infrastructure/git/repositories/git_repo.rb": {
        "lines": [
          null,
          null,
          1,
          null,
          1,
          1,
          1,
          1,
          1,
          null,
          null,
          1,
          6,
          6,
          6,
          null,
          null,
          1,
          6,
          null,
          null,
          null,
          1,
          0,
          null,
          null,
          1,
          12,
          null,
          null,
          null,
          1,
          0,
          0,
          null,
          0,
          null,
          null,
          null
        ]
      },
      "/Users/soumyaray/Sync/Dropbox/ossdev/classes/SOA-class/projects/soa2025/api-codepraise-2025/app/infrastructure/git/repositories/local_repo.rb": {
        "lines": [
          null,
          null,
          1,
          null,
          1,
          1,
          1,
          null,
          1,
          null,
          null,
          null,
          1,
          1,
          1,
          1,
          1,
          null,
          1,
          null,
          1,
          6,
          6,
          null,
          null,
          1,
          0,
          0,
          null,
          null,
          1,
          6,
          null,
          6,
          6,
          552,
          null,
          null,
          null,
          null,
          1,
          11,
          22,
          null,
          null,
          1,
          29,
          null,
          null,
          null,
          1,
          0,
          null,
          null,
          1,
          null,
          1,
          17,
          null,
          null,
          1,
          0,
          null,
          null,
          null,
          null
        ]
      },
      "/Users/soumyaray/Sync/Dropbox/ossdev/classes/SOA-class/projects/soa2025/api-codepraise-2025/app/infrastructure/git/repositories/remote_repo.rb": {
        "lines": [
          null,
          null,
          1,
          null,
          1,
          1,
          null,
          null,
          null,
          null,
          null,
          null,
          1,
          1,
          null,
          1,
          6,
          null,
          null,
          1,
          6,
          null,
          null,
          1,
          0,
          null,
          null,
          null,
          null,
          null,
          null,
          null,
          null
        ]
      },
      "/Users/soumyaray/Sync/Dropbox/ossdev/classes/SOA-class/projects/soa2025/api-codepraise-2025/app/infrastructure/github/gateways/github_api.rb": {
        "lines": [
          null,
          null,
          1,
          null,
          1,
          1,
          null,
          1,
          1,
          null,
          1,
          49,
          null,
          null,
          1,
          27,
          null,
          null,
          null,
          null,
          1,
          22,
          null,
          null,
          null,
          1,
          1,
          27,
          27,
          null,
          null,
          1,
          27,
          null,
          null,
          null,
          null,
          1,
          1,
          49,
          null,
          null,
          1,
          49,
          null,
          null,
          null,
          null,
          48,
          48,
          null,
          null,
          null,
          null,
          null,
          1,
          1,
          1,
          null,
          null,
          1,
          null,
          null,
          null,
          1,
          48,
          null,
          null,
          1,
          4,
          null,
          null,
          null,
          null,
          null
        ]
      },
      "/Users/soumyaray/Sync/Dropbox/ossdev/classes/SOA-class/projects/soa2025/api-codepraise-2025/app/infrastructure/github/mappers/member_mapper.rb": {
        "lines": [
          null,
          null,
          1,
          null,
          1,
          null,
          1,
          1,
          22,
          22,
          22,
          null,
          null,
          1,
          22,
          66,
          null,
          null,
          null,
          1,
          88,
          null,
          null,
          null,
          1,
          1,
          88,
          null,
          null,
          1,
          88,
          null,
          null,
          null,
          null,
          null,
          null,
          null,
          1,
          null,
          1,
          88,
          null,
          null,
          1,
          88,
          null,
          null,
          1,
          88,
          null,
          null,
          null,
          null,
          null
        ]
      },
      "/Users/soumyaray/Sync/Dropbox/ossdev/classes/SOA-class/projects/soa2025/api-codepraise-2025/app/infrastructure/github/mappers/project_mapper.rb": {
        "lines": [
          null,
          null,
          1,
          null,
          1,
          1,
          null,
          1,
          1,
          27,
          27,
          27,
          null,
          null,
          1,
          27,
          22,
          null,
          null,
          1,
          22,
          null,
          null,
          null,
          1,
          1,
          22,
          22,
          null,
          null,
          null,
          null,
          1,
          22,
          null,
          null,
          null,
          null,
          null,
          null,
          null,
          null,
          null,
          null,
          null,
          1,
          22,
          null,
          null,
          1,
          22,
          null,
          null,
          1,
          22,
          null,
          null,
          1,
          22,
          null,
          null,
          1,
          22,
          null,
          null,
          1,
          22,
          null,
          null,
          1,
          22,
          null,
          null,
          null,
          null,
          null
        ]
      },
      "/Users/soumyaray/Sync/Dropbox/ossdev/classes/SOA-class/projects/soa2025/api-codepraise-2025/app/presentation/representers/contributor_representer.rb": {
        "lines": [
          null,
          null,
          1,
          1,
          null,
          1,
          1,
          null,
          1,
          1,
          null,
          1,
          1,
          null,
          null,
          null
        ]
      },
      "/Users/soumyaray/Sync/Dropbox/ossdev/classes/SOA-class/projects/soa2025/api-codepraise-2025/app/presentation/representers/credit_share_representer.rb": {
        "lines": [
          null,
          null,
          1,
          1,
          1,
          null,
          1,
          null,
          1,
          1,
          null,
          1,
          1,
          null,
          1,
          1,
          null,
          null,
          null,
          null
        ]
      },
      "/Users/soumyaray/Sync/Dropbox/ossdev/classes/SOA-class/projects/soa2025/api-codepraise-2025/app/presentation/representers/file_contributions_representer.rb": {
        "lines": [
          null,
          null,
          1,
          1,
          1,
          null,
          1,
          1,
          1,
          1,
          null,
          1,
          1,
          null,
          1,
          1,
          null,
          1,
          1,
          1,
          1,
          1,
          null,
          null,
          null
        ]
      },
      "/Users/soumyaray/Sync/Dropbox/ossdev/classes/SOA-class/projects/soa2025/api-codepraise-2025/app/presentation/representers/file_path_representer.rb": {
        "lines": [
          null,
          null,
          1,
          1,
          null,
          1,
          null,
          1,
          1,
          null,
          1,
          1,
          null,
          1,
          1,
          null,
          null,
          null
        ]
      },
      "/Users/soumyaray/Sync/Dropbox/ossdev/classes/SOA-class/projects/soa2025/api-codepraise-2025/app/presentation/representers/line_contribution_representer.rb": {
        "lines": [
          null,
          null,
          1,
          1,
          1,
          null,
          1,
          null,
          1,
          1,
          null,
          1,
          1,
          null,
          1,
          1,
          1,
          1,
          1,
          1,
          null,
          null,
          null
        ]
      },
      "/Users/soumyaray/Sync/Dropbox/ossdev/classes/SOA-class/projects/soa2025/api-codepraise-2025/app/presentation/representers/folder_contributions_representer.rb": {
        "lines": [
          null,
          null,
          1,
          1,
          1,
          null,
          1,
          1,
          1,
          1,
          null,
          1,
          1,
          null,
          1,
          1,
          null,
          1,
          1,
          1,
          1,
          1,
          1,
          1,
          1,
          1,
          null,
          null,
          null
        ]
      },
      "/Users/soumyaray/Sync/Dropbox/ossdev/classes/SOA-class/projects/soa2025/api-codepraise-2025/app/presentation/representers/http_response_representer.rb": {
        "lines": [
          null,
          null,
          1,
          1,
          null,
          1,
          1,
          null,
          null,
          null,
          null,
          null,
          1,
          1,
          null,
          1,
          1,
          null,
          1,
          null,
          null,
          null,
          null,
          null,
          null,
          null,
          null,
          null,
          null,
          null,
          null,
          null,
          null,
          1,
          10,
          null,
          null,
          null,
          null
        ]
      },
      "/Users/soumyaray/Sync/Dropbox/ossdev/classes/SOA-class/projects/soa2025/api-codepraise-2025/app/presentation/representers/member_representer.rb": {
        "lines": [
          null,
          null,
          1,
          1,
          null,
          1,
          1,
          null,
          null,
          null,
          null,
          1,
          1,
          null,
          1,
          1,
          1,
          null,
          null,
          null
        ]
      },
      "/Users/soumyaray/Sync/Dropbox/ossdev/classes/SOA-class/projects/soa2025/api-codepraise-2025/app/presentation/representers/openstruct_with_links.rb": {
        "lines": [
          null,
          null,
          1,
          null,
          1,
          1,
          null,
          1,
          1,
          null,
          null,
          null
        ]
      },
      "/Users/soumyaray/Sync/Dropbox/ossdev/classes/SOA-class/projects/soa2025/api-codepraise-2025/app/presentation/representers/project_folder_contributions_representer.rb": {
        "lines": [
          null,
          null,
          1,
          1,
          1,
          null,
          1,
          1,
          null,
          1,
          1,
          null,
          1,
          1,
          null,
          1,
          1,
          null,
          null,
          null
        ]
      },
      "/Users/soumyaray/Sync/Dropbox/ossdev/classes/SOA-class/projects/soa2025/api-codepraise-2025/app/presentation/representers/project_representer.rb": {
        "lines": [
          null,
          null,
          1,
          1,
          1,
          null,
          1,
          null,
          null,
          1,
          1,
          null,
          1,
          1,
          1,
          1,
          null,
          1,
          1,
          1,
          1,
          1,
          1,
          1,
          1,
          null,
          1,
          4,
          null,
          null,
          1,
          null,
          1,
          4,
          null,
          null,
          1,
          4,
          null,
          null,
          null,
          null
        ]
      },
      "/Users/soumyaray/Sync/Dropbox/ossdev/classes/SOA-class/projects/soa2025/api-codepraise-2025/app/presentation/representers/projects_representer.rb": {
        "lines": [
          null,
          null,
          1,
          1,
          null,
          1,
          1,
          null,
          1,
          1,
          null,
          1,
          1,
          null,
          1,
          null,
          null,
          null,
          null
        ]
      },
      "/Users/soumyaray/Sync/Dropbox/ossdev/classes/SOA-class/projects/soa2025/api-codepraise-2025/app/presentation/responses/api_result.rb": {
        "lines": [
          null,
          null,
          1,
          1,
          1,
          null,
          null,
          null,
          1,
          null,
          null,
          null,
          null,
          1,
          null,
          null,
          1,
          1,
          27,
          null,
          26,
          null,
          null,
          null,
          null
        ]
      },
      "/Users/soumyaray/Sync/Dropbox/ossdev/classes/SOA-class/projects/soa2025/api-codepraise-2025/app/presentation/responses/project_folder_contributions.rb": {
        "lines": [
          null,
          null,
          1,
          1,
          null,
          1,
          null,
          null
        ]
      },
      "/Users/soumyaray/Sync/Dropbox/ossdev/classes/SOA-class/projects/soa2025/api-codepraise-2025/app/presentation/responses/projects_list.rb": {
        "lines": [
          null,
          null,
          1,
          1,
          null,
          1,
          null,
          null
        ]
      },
      "/Users/soumyaray/Sync/Dropbox/ossdev/classes/SOA-class/projects/soa2025/api-codepraise-2025/app/application/controllers/app.rb": {
        "lines": [
          null,
          null,
          1,
          1,
          null,
          1,
          null,
          1,
          1,
          1,
          1,
          null,
          null,
          1,
          10,
          null,
          null,
          10,
          1,
          null,
          1,
          null,
          null,
          null,
          1,
          1,
          null,
          null,
          9,
          9,
          9,
          null,
          6,
          4,
          null,
          null,
          null,
          4,
          null,
          4,
          2,
          2,
          null,
          null,
          2,
          2,
          null,
          2,
          null,
          null,
          null,
          null,
          null,
          2,
          2,
          null,
          null,
          null,
          2,
          1,
          1,
          null,
          null,
          1,
          1,
          1,
          null,
          null,
          null,
          3,
          null,
          3,
          3,
          3,
          null,
          3,
          1,
          1,
          null,
          null,
          2,
          2,
          2,
          null,
          null,
          null,
          null,
          null,
          null,
          null,
          null
        ]
      },
      "/Users/soumyaray/Sync/Dropbox/ossdev/classes/SOA-class/projects/soa2025/api-codepraise-2025/app/application/controllers/helpers.rb": {
        "lines": [
          null,
          null,
          1,
          1,
          null,
          1,
          1,
          0,
          0,
          0,
          0,
          null,
          null,
          1,
          null,
          1,
          0,
          null,
          null,
          1,
          0,
          null,
          null,
          null,
          null
        ]
      },
      "/Users/soumyaray/Sync/Dropbox/ossdev/classes/SOA-class/projects/soa2025/api-codepraise-2025/app/application/requests/project_list.rb": {
        "lines": [
          null,
          null,
          1,
          1,
          1,
          null,
          1,
          1,
          null,
          1,
          1,
          null,
          1,
          6,
          null,
          null,
          null,
          1,
          6,
          null,
          null,
          null,
          1,
          null,
          null,
          null,
          null,
          null,
          null,
          null,
          null,
          1,
          6,
          null,
          null,
          null,
          null,
          1,
          5,
          null,
          null,
          null,
          1,
          3,
          null,
          null,
          null,
          null
        ]
      },
      "/Users/soumyaray/Sync/Dropbox/ossdev/classes/SOA-class/projects/soa2025/api-codepraise-2025/app/application/requests/project_request_path.rb": {
        "lines": [
          null,
          null,
          1,
          1,
          null,
          1,
          1,
          4,
          4,
          4,
          4,
          null,
          null,
          1,
          null,
          1,
          4,
          null,
          null,
          1,
          0,
          null,
          null,
          null,
          null
        ]
      },
      "/Users/soumyaray/Sync/Dropbox/ossdev/classes/SOA-class/projects/soa2025/api-codepraise-2025/app/application/services/add_project.rb": {
        "lines": [
          null,
          null,
          1,
          null,
          1,
          1,
          null,
          1,
          1,
          null,
          1,
          1,
          null,
          1,
          null,
          1,
          1,
          null,
          null,
          1,
          11,
          1,
          null,
          10,
          null,
          8,
          null,
          3,
          null,
          null,
          1,
          null,
          8,
          7,
          null,
          1,
          null,
          8,
          null,
          0,
          0,
          null,
          null,
          null,
          null,
          1,
          10,
          null,
          null,
          null,
          3,
          null,
          null,
          1,
          11,
          null,
          null,
          null,
          null,
          null
        ]
      },
      "/Users/soumyaray/Sync/Dropbox/ossdev/classes/SOA-class/projects/soa2025/api-codepraise-2025/app/application/services/appraise_project.rb": {
        "lines": [
          null,
          null,
          1,
          null,
          1,
          1,
          null,
          1,
          1,
          null,
          1,
          1,
          1,
          null,
          1,
          null,
          1,
          1,
          1,
          1,
          null,
          1,
          6,
          null,
          null,
          null,
          6,
          4,
          null,
          2,
          null,
          null,
          0,
          null,
          null,
          1,
          4,
          4,
          null,
          4,
          null,
          0,
          0,
          null,
          null,
          1,
          4,
          null,
          null,
          3,
          3,
          null,
          1,
          1,
          null,
          null,
          null,
          null,
          1,
          1,
          null,
          null,
          null,
          null,
          null,
          null
        ]
      },
      "/Users/soumyaray/Sync/Dropbox/ossdev/classes/SOA-class/projects/soa2025/api-codepraise-2025/app/application/services/list_projects.rb": {
        "lines": [
          null,
          null,
          1,
          null,
          1,
          1,
          null,
          1,
          1,
          null,
          1,
          1,
          null,
          1,
          null,
          1,
          null,
          null,
          1,
          6,
          6,
          5,
          null,
          1,
          null,
          null,
          null,
          1,
          5,
          5,
          5,
          5,
          null,
          0,
          null,
          null,
          null,
          null,
          null,
          null
        ]
      },
      "/Users/soumyaray/Sync/Dropbox/ossdev/classes/SOA-class/projects/soa2025/api-codepraise-2025/spec/helpers/vcr_helper.rb": {
        "lines": [
          null,
          null,
          1,
          1,
          null,
          null,
          1,
          1,
          1,
          null,
          1,
          7,
          7,
          7,
          7,
          null,
          null,
          null,
          null,
          1,
          29,
          1874,
          1874,
          null,
          null,
          29,
          null,
          null,
          null,
          null,
          null,
          null,
          null,
          1,
          29,
          null,
          null
        ]
      },
      "/Users/soumyaray/Sync/Dropbox/ossdev/classes/SOA-class/projects/soa2025/api-codepraise-2025/spec/helpers/database_helper.rb": {
        "lines": [
          null,
          null,
          null,
          1,
          null,
          1,
          null,
          21,
          21,
          21,
          21,
          null,
          null
        ]
      },
      "/Users/soumyaray/Sync/Dropbox/ossdev/classes/SOA-class/projects/soa2025/api-codepraise-2025/spec/tests/integration/layers/domain_contributions_spec.rb": {
        "lines": [
          null,
          null,
          1,
          1,
          1,
          null,
          1,
          1,
          null,
          1,
          2,
          2,
          null,
          2,
          null,
          null,
          null,
          2,
          null,
          null,
          2,
          2,
          null,
          null,
          1,
          2,
          null,
          null,
          1,
          1,
          1,
          1,
          null,
          1,
          1,
          1,
          null,
          null,
          1,
          null,
          null,
          1,
          null,
          null,
          1,
          null,
          null,
          null,
          1,
          1,
          null,
          1,
          1,
          null,
          1,
          null,
          1,
          1,
          null,
          1,
          1,
          null,
          1,
          1,
          null,
          null
        ]
      },
      "/Users/soumyaray/Sync/Dropbox/ossdev/classes/SOA-class/projects/soa2025/api-codepraise-2025/spec/tests/integration/layers/gateway_database_spec.rb": {
        "lines": [
          null,
          null,
          1,
          1,
          1,
          null,
          1,
          1,
          null,
          1,
          1,
          null,
          null,
          1,
          1,
          null,
          null,
          1,
          1,
          1,
          null,
          null,
          1,
          1,
          null,
          null,
          null,
          1,
          null,
          1,
          1,
          1,
          1,
          1,
          1,
          null,
          1,
          3,
          6,
          null,
          null,
          3,
          null,
          null,
          null,
          null,
          null
        ]
      },
      "/Users/soumyaray/Sync/Dropbox/ossdev/classes/SOA-class/projects/soa2025/api-codepraise-2025/spec/tests/integration/layers/github_spec.rb": {
        "lines": [
          null,
          null,
          1,
          1,
          null,
          1,
          1,
          null,
          1,
          8,
          null,
          null,
          1,
          8,
          null,
          null,
          1,
          1,
          4,
          null,
          null,
          null,
          null,
          1,
          1,
          1,
          null,
          null,
          1,
          1,
          null,
          null,
          1,
          1,
          1,
          null,
          null,
          null,
          null,
          null,
          1,
          1,
          1,
          null,
          null,
          null,
          null,
          null,
          null,
          1,
          1,
          4,
          null,
          null,
          null,
          null,
          1,
          1,
          null,
          null,
          1,
          1,
          null,
          null,
          1,
          1,
          1,
          null,
          null,
          1,
          1,
          1,
          null,
          1,
          4,
          1,
          null,
          null,
          null
        ]
      },
      "/Users/soumyaray/Sync/Dropbox/ossdev/classes/SOA-class/projects/soa2025/api-codepraise-2025/spec/tests/integration/services/add_project_spec.rb": {
        "lines": [
          null,
          null,
          1,
          1,
          1,
          null,
          1,
          1,
          null,
          1,
          3,
          null,
          null,
          1,
          3,
          null,
          null,
          1,
          1,
          3,
          null,
          null,
          1,
          null,
          1,
          null,
          null,
          null,
          1,
          null,
          null,
          null,
          null,
          1,
          null,
          null,
          1,
          null,
          1,
          1,
          1,
          1,
          1,
          1,
          null,
          1,
          3,
          6,
          null,
          null,
          3,
          null,
          null,
          null,
          null,
          1,
          null,
          1,
          null,
          null,
          null,
          null,
          1,
          null,
          null,
          null,
          null,
          1,
          null,
          null,
          1,
          1,
          null,
          null,
          1,
          1,
          1,
          1,
          1,
          1,
          null,
          1,
          3,
          6,
          null,
          null,
          3,
          null,
          null,
          null,
          null,
          1,
          null,
          1,
          null,
          null,
          null,
          null,
          1,
          1,
          null,
          null,
          null
        ]
      },
      "/Users/soumyaray/Sync/Dropbox/ossdev/classes/SOA-class/projects/soa2025/api-codepraise-2025/spec/tests/integration/services/appraise_project_spec.rb": {
        "lines": [
          null,
          null,
          1,
          1,
          1,
          null,
          1,
          null,
          1,
          1,
          null,
          1,
          2,
          null,
          null,
          1,
          2,
          null,
          null,
          1,
          1,
          2,
          null,
          null,
          1,
          null,
          1,
          null,
          null,
          1,
          null,
          null,
          1,
          null,
          null,
          null,
          null,
          null,
          null,
          1,
          null,
          null,
          null,
          null,
          1,
          1,
          1,
          1,
          null,
          1,
          1,
          1,
          null,
          null,
          1,
          null,
          null,
          1,
          null,
          null,
          1,
          null,
          null,
          null,
          1,
          null,
          null,
          null,
          1,
          null,
          null,
          null,
          null,
          null,
          null,
          1,
          null,
          null,
          null,
          null,
          1,
          null,
          null,
          null
        ]
      },
      "/Users/soumyaray/Sync/Dropbox/ossdev/classes/SOA-class/projects/soa2025/api-codepraise-2025/spec/tests/integration/services/list_projects_spec.rb": {
        "lines": [
          null,
          null,
          1,
          1,
          1,
          null,
          1,
          null,
          1,
          1,
          null,
          1,
          3,
          null,
          null,
          1,
          3,
          null,
          null,
          1,
          1,
          3,
          null,
          null,
          1,
          null,
          1,
          null,
          null,
          1,
          null,
          null,
          null,
          1,
          null,
          null,
          1,
          null,
          null,
          null,
          1,
          1,
          1,
          null,
          null,
          1,
          null,
          1,
          null,
          null,
          1,
          null,
          null,
          null,
          1,
          1,
          null,
          null,
          null,
          null,
          1,
          1,
          1,
          null,
          null,
          1,
          null,
          1,
          null,
          null,
          null,
          null,
          1,
          null,
          null,
          null,
          null,
          1,
          1,
          1,
          null,
          null,
          null
        ]
      },
      "/Users/soumyaray/Sync/Dropbox/ossdev/classes/SOA-class/projects/soa2025/api-codepraise-2025/spec/tests/unit/gateway_git_spec.rb": {
        "lines": [
          null,
          null,
          1,
          null,
          1,
          1,
          null,
          1,
          1,
          1,
          null,
          null,
          null,
          null,
          null,
          1,
          null,
          null,
          1,
          1,
          null,
          null,
          null,
          null,
          1,
          null,
          null
        ]
      },
      "/Users/soumyaray/Sync/Dropbox/ossdev/classes/SOA-class/projects/soa2025/api-codepraise-2025/spec/tests/unit/result_spec.rb": {
        "lines": [
          null,
          null,
          1,
          null,
          1,
          1,
          1,
          null,
          1,
          1,
          null,
          null,
          1,
          1,
          null,
          1,
          1,
          null,
          null,
          1,
          1,
          1,
          null,
          null,
          null
        ]
      }
    },
    "timestamp": 1763267287
  }
}
